Acquisition Started: 22.09.2017 13:12:34   
Live time:        74.203
Real Time:        74.491
    1:      0       0       0      22      32      40      34      32
    9:     40      47      31      40      36      35      43      42
   17:     47      60      54      51      50      57      57      57
   25:     51      53      78      63      53      70      91      84
   33:     71      80      92      97      70     101     116     118
   41:    128     135     150     183     157     181     167     201
   49:    190     185     204     199     239     238     236     253
   57:    262     242     268     252     259     215     273     261
   65:    236     228     302     258     267     257     260     326
   73:    251     265     263     247     282     277     297     252
   81:    237     279     251     223     245     259     269     271
   89:    257     220     227     238     242     236     246     248
   97:    235     258     216     221     225     240     223     227
  105:    223     217     195     210     181     209     204     207
  113:    211     200     210     184     192     190     185     214
  121:    177     184     183     203     194     165     174     181
  129:    195     164     166     157     179     151     166     138
  137:    170     161     167     164     135     157     138     134
  145:    152     140     152     143     156     128     154     133
  153:    133     152     130     146     123     141     109     106
  161:    122     110     138     128     129     130     101     129
  169:    134     119     122     121     125      91     108     103
  177:    112      91      96     108      89     110     117      94
  185:    105      95      84      91      82      92      91      81
  193:     99      78      95      73      84      95      69      68
  201:     67      89      80      74      72      80      68      85
  209:     84      64      74      84      70      79      72      80
  217:     56      67      72      66      64      59      64      49
  225:     52      63      67      61      78      58      73      81
  233:     63      65      60      72      53      52      58      49
  241:     59      63      60      64      54      42      50      61
  249:     44      49      53      54      44      61      46      50
  257:     48      41      49      50      38      38      41      37
  265:     40      64      48      33      51      43      33      37
  273:     48      34      40      34      42      32      40      36
  281:     39      31      33      36      48      26      31      44
  289:     32      31      48      39      27      23      43      31
  297:     25      28      38      26      41      36      37      37
  305:     30      37      29      23      30      36      30      23
  313:     32      39      31      30      40      23      31      26
  321:     31      30      28      37      36      25      28      15
  329:     35      34      35      24      28      22      25      26
  337:     22      19      27      22      29      19      23      22
  345:     23      28      21      21      25      33      18      18
  353:     29      25      29      23      19      29      16      20
  361:     22      19      23      20      28      23      20      17
  369:     24      27      15      27      25      20      20      27
  377:     23      21      20      18      12      23      24      21
  385:     15      22      21      26      23      18      24      21
  393:     23      32      18      27      15      20      16      28
  401:     31      27      32      17      31      21      16      20
  409:     18      18      20      27      14      17      15      21
  417:     19      18      14      19      15      15      18      13
  425:     13      18      14      17      17       8      18      14
  433:     14      16      15      15      23      17      15      13
  441:     17      15      10      16      16      16      15      12
  449:     18      15      19      15      14       9      20      11
  457:     19      11       8      10      10      15       6      10
  465:      9      15       7      14      15      12      20      10
  473:     19       8      12      11       6      14      12      16
  481:     25      12       6      11      17      16      10      12
  489:     19      13       9       9      12      18      11       9
  497:     13      12       7      16      16       9       9      10
  505:     10      12       8      12      14      12       7      11
  513:     11      13      13       9      12       9       8      13
  521:      8      13      13      10      10      12      11      16
  529:     12      15      14       6      12       9      14      14
  537:     14      12       8      13      15      14      13       9
  545:     15      15      10      12      12      10      14      15
  553:     15      15       5      13      10      10       8      15
  561:     10       9       8       8       6      13       7      19
  569:     10      19      10      13       8      16      10       5
  577:      9      15       9       7      11       9       6       6
  585:     13      10      15      13       8       5       7      12
  593:      9       9       7      10      12      12      12      11
  601:     14      16      13      16      16       7       9       9
  609:     10       9       9       8      12      11       9       6
  617:     10      11      10       5       9      10       9      10
  625:     15      12      13      10      14       6       9      11
  633:     11       8       6       9      12      10       4      12
  641:     14       5       8      13       5       9       6       8
  649:     11      14      12       9       9       8       8      11
  657:      9       8       8      10       5       3       6       8
  665:      6      10      17       4      12       6       6       9
  673:      7       7       5       3       6      10       8       6
  681:      4       3       9       5       2       5      12       7
  689:      6       7       5       2       5       6       7       4
  697:     10       5       9      17      13       9       6       6
  705:     11       5       7       5      11       3       8      13
  713:      2       7       7       4       8       8      13       4
  721:      7       7       8       5      12       8       3       6
  729:     11      19       6       9       7      12       5       7
  737:      8       5       7      10       3       7       4       4
  745:      4       4       8       7       7       6       3       4
  753:      7       7       8       7       8      11       5       4
  761:      7       5       9      11       6       8       5       5
  769:      7       3       8       3       8       3       9       8
  777:      2       3       5       3       3       4       3       5
  785:      1       6       6       4       6       6       4       3
  793:      8       7       5       6       4       4       9       4
  801:      7       3       7       7       5       5       8       8
  809:      1       5       6       8       6       8       6       4
  817:      2       5      10       6       2       5       7       0
  825:      1       7       3       4       4       3       7       3
  833:      5       8       3       7       6       8       5       1
  841:      7       2       4       6       5       2       2       5
  849:      5       2       2       3       4       5       5       3
  857:      7       2       2       3       2       1       4       4
  865:      4       2       6       2       5       3       4       2
  873:      4       2       4       2       5       2       5       6
  881:      2       4       9       3       1       3       5       3
  889:      5       5       4       5       2       5       5       5
  897:      6       6       3       4       4       8       3       6
  905:      4       2       9       5       4       5       5       3
  913:      5       7       6       5      10       8       7       8
  921:     10      13       9       7       8       7       7       8
  929:      9      11      14       7      10       7      10      12
  937:     13      13       5       8      10      14       5       6
  945:      9      13      15       5       9       8       5       2
  953:     12       9      13       7       6       6       9      11
  961:      8       4       7       9       6       5       6       8
  969:      9       4      11      12       8       3       7       4
  977:     12       8       3       7       5       5       8       9
  985:      6       8       5       5       4       2       6       5
  993:      5       4       3       5       2       4       1       1
 1001:      3       3       4       1       3       2       5       6
 1009:      9       5       1       4       3       6       2       2
 1017:      3       4       1       4       2       3       1       4
